000 (991632.000.000) 09/12 15:09:50 Job submitted from host: <18.12.1.74:43431?addrs=18.12.1.74-43431>
...
001 (991632.000.000) 09/12 15:12:12 Job executing on host: <18.12.9.84:9620?addrs=18.12.9.84-9620&noUDP&sock=27860_8f83_3>
...
006 (991632.000.000) 09/12 15:12:20 Image size of job updated: 1
	3  -  MemoryUsage of job (MB)
	2364  -  ResidentSetSize of job (KB)
...
005 (991632.000.000) 09/12 15:12:27 Job terminated.
	(1) Normal termination (return value 0)
		Usr 0 00:00:00, Sys 0 00:00:00  -  Run Remote Usage
		Usr 0 00:00:00, Sys 0 00:00:00  -  Run Local Usage
		Usr 0 00:00:00, Sys 0 00:00:00  -  Total Remote Usage
		Usr 0 00:00:00, Sys 0 00:00:00  -  Total Local Usage
	257914  -  Run Bytes Sent By Job
	66339  -  Run Bytes Received By Job
	257914  -  Total Bytes Sent By Job
	66339  -  Total Bytes Received By Job
	Partitionable Resources :    Usage  Request Allocated
	   Cpus                 :                 1         1
	   Disk (KB)            :      360       75   3723942
	   Memory (MB)          :        3        1         1
...
