
----------------------------------------------------
Job started on Mon Sep 12 15:12:22 EDT 2016 at WN: t2bat0333.cmsaf.mit.edu 
Job is running on Linux t2bat0333.cmsaf.mit.edu 2.6.32-358.el6.x86_64 #1 SMP Fri Feb 22 20:37:17 CST 2013 x86_64 x86_64 x86_64 GNU/Linux
----------------------------------------------------

free disk space is...
Filesystem            Size  Used Avail Use% Mounted on
/dev/sda3              20G  2.5G   17G  14% /
tmpfs                  32G     0   32G   0% /dev/shm
/dev/sda1              97M   32M   61M  35% /boot
/dev/sda4             416G   64G  352G  16% /export/data1
/dev/sdb1             3.6T  3.0T  681G  82% /export/00b
/dev/sdc1             3.6T  2.9T  722G  81% /export/00c
/dev/sdd1             3.6T  2.9T  719G  81% /export/00d
/dev/sde1             3.6T  2.9T  712G  81% /export/00e
/dev/sdf1             3.6T  2.9T  726G  81% /export/00f
/dev/sdg1             3.6T  2.9T  725G  81% /export/00g
fuse_dfs              6.5P  5.2P  1.4P  80% /mnt/hadoop
cvmfs2                 98G   63G   36G  64% /cvmfs/cms.cern.ch
cvmfs2                 98G   63G   36G  64% /cvmfs/cvmfs.cmsaf.mit.edu
t2srv0004:/export/db  135G  187M  135G   1% /net/t2srv0004/db
cvmfs2                 98G   63G   36G  64% /cvmfs/cms-ib.cern.ch

root directory is...
/cvmfs/cms.cern.ch/slc6_amd64_gcc491/lcg/root/6.02.12/

working directory is...
/export/data1/condor/execute/dir_44629

contents before job processing is...
total 136
drwx------  2 obaron obaron  4096 Sep 12 15:12 .
drwxr-xr-x 20 condor root    4096 Sep 12 15:11 ..
-rwx------  1 obaron obaron    48 Sep 12 15:11 .chirp.config
-rw-r--r--  1 condor condor 37381 Sep 12 15:11 .job.ad
-rw-r--r--  1 condor condor  6579 Sep 12 15:11 .machine.ad
-rw-rw-r--  1 obaron obaron  2684 Sep 12 15:12 5p02TeV_Py6_QCDjet80_forests.txt
-rw-r--r--  1 obaron obaron     0 Sep 12 15:12 _condor_stderr
-rw-r--r--  1 obaron obaron  1438 Sep 12 15:12 _condor_stdout
-rwxr-xr-x  1 obaron obaron   700 Sep 12 15:12 condor_exec.exe
-rwxrwxr-x  1 obaron obaron 62955 Sep 12 15:12 readForests_ppMC.exe

Processing...

///////////////////
reading files 3 to 3
radius =  4
jetType =  PF
///////////////////

opening filelist: 5p02TeV_Py6_QCDjet80_forests.txt
adding file #3, to each TChain in array
opening output file Py6_QCDjet80_ak4PF-3to3.root
reading 0 events


/// Job Event-Loop Summary ///

Total Num of Events in file(s) opened       = 0
Total Num of Events read from those file(s) = 0

/// Job Jet-Loop Summary ///

Total Num of Jets read from good events                          = 0
Total Num of Jets read from good events post kinCut              = 0
Total Num of Jets read from good events post kinCut AND JetIDCut = 0

writing output file...

readForests_ppMC finished.
CPU time (min)  = 0.0375
Real time (min) = 0.159234
rStatus=0
Job done!
