000 (991633.000.000) 09/12 15:09:51 Job submitted from host: <18.12.1.74:43431?addrs=18.12.1.74-43431>
...
001 (991633.000.000) 09/12 15:12:20 Job executing on host: <18.12.9.94:9620?addrs=18.12.9.94-9620&noUDP&sock=91826_d542_3>
...
006 (991633.000.000) 09/12 15:12:30 Image size of job updated: 1
	3  -  MemoryUsage of job (MB)
	2364  -  ResidentSetSize of job (KB)
...
006 (991633.000.000) 09/12 15:12:32 Image size of job updated: 351860
	3  -  MemoryUsage of job (MB)
	2364  -  ResidentSetSize of job (KB)
...
005 (991633.000.000) 09/12 15:12:36 Job terminated.
	(1) Normal termination (return value 0)
		Usr 0 00:00:01, Sys 0 00:00:02  -  Run Remote Usage
		Usr 0 00:00:00, Sys 0 00:00:00  -  Run Local Usage
		Usr 0 00:00:01, Sys 0 00:00:02  -  Total Remote Usage
		Usr 0 00:00:00, Sys 0 00:00:00  -  Total Local Usage
	257704  -  Run Bytes Sent By Job
	66339  -  Run Bytes Received By Job
	257704  -  Total Bytes Sent By Job
	66339  -  Total Bytes Received By Job
	Partitionable Resources :    Usage  Request Allocated
	   Cpus                 :                 1         1
	   Disk (KB)            :      360       75   6781005
	   Memory (MB)          :        3        1         1
...
