000 (991596.000.000) 09/09 12:06:33 Job submitted from host: <18.12.1.74:43431?addrs=18.12.1.74-43431>
...
001 (991596.000.000) 09/09 12:07:59 Job executing on host: <18.12.9.4:9620?addrs=18.12.9.4-9620&noUDP&sock=10200_3e81_21>
...
006 (991596.000.000) 09/09 12:08:09 Image size of job updated: 66444
	12  -  MemoryUsage of job (MB)
	12040  -  ResidentSetSize of job (KB)
...
005 (991596.000.000) 09/09 12:08:18 Job terminated.
	(1) Normal termination (return value 0)
		Usr 0 00:00:00, Sys 0 00:00:00  -  Run Remote Usage
		Usr 0 00:00:00, Sys 0 00:00:00  -  Run Local Usage
		Usr 0 00:00:00, Sys 0 00:00:00  -  Total Remote Usage
		Usr 0 00:00:00, Sys 0 00:00:00  -  Total Local Usage
	568316  -  Run Bytes Sent By Job
	152689  -  Run Bytes Received By Job
	568316  -  Total Bytes Sent By Job
	152689  -  Total Bytes Received By Job
	Partitionable Resources :    Usage  Request Allocated
	   Cpus                 :                 1         1
	   Disk (KB)            :      748      150   8441594
	   Memory (MB)          :       12        1         1
...
