000 (991594.000.000) 09/09 12:06:24 Job submitted from host: <18.12.1.74:43431?addrs=18.12.1.74-43431>
...
001 (991594.000.000) 09/09 12:07:54 Job executing on host: <18.12.8.3:9620?addrs=18.12.8.3-9620&noUDP&sock=25195_d2c1_3>
...
006 (991594.000.000) 09/09 12:08:03 Image size of job updated: 1
	3  -  MemoryUsage of job (MB)
	2360  -  ResidentSetSize of job (KB)
...
006 (991594.000.000) 09/09 12:08:09 Image size of job updated: 308064
	3  -  MemoryUsage of job (MB)
	2360  -  ResidentSetSize of job (KB)
...
005 (991594.000.000) 09/09 12:08:17 Job terminated.
	(1) Normal termination (return value 0)
		Usr 0 00:00:01, Sys 0 00:00:00  -  Run Remote Usage
		Usr 0 00:00:00, Sys 0 00:00:00  -  Run Local Usage
		Usr 0 00:00:01, Sys 0 00:00:00  -  Total Remote Usage
		Usr 0 00:00:00, Sys 0 00:00:00  -  Total Local Usage
	570926  -  Run Bytes Sent By Job
	152689  -  Run Bytes Received By Job
	570926  -  Total Bytes Sent By Job
	152689  -  Total Bytes Received By Job
	Partitionable Resources :    Usage  Request Allocated
	   Cpus                 :                 1         1
	   Disk (KB)            :      750      150   5987409
	   Memory (MB)          :        3        1         1
...
