
----------------------------------------------------
Job started on Fri Sep  9 15:22:22 EDT 2016 at WN: t2bat0008.cmsaf.mit.edu 
Job is running on Linux t2bat0008.cmsaf.mit.edu 2.6.32-573.8.1.el6.x86_64 #1 SMP Tue Nov 10 05:29:11 CST 2015 x86_64 x86_64 x86_64 GNU/Linux
----------------------------------------------------

free disk space is...
Filesystem            Size  Used Avail Use% Mounted on
/dev/sda3              63G  3.3G   57G   6% /
tmpfs                  48G     0   48G   0% /dev/shm
/dev/sda1             240M   41M  187M  18% /boot
/dev/sda5             728G  101G  627G  14% /export/data1
/dev/sdd1             3.6T  3.0T  684G  82% /export/00d
/dev/sdc1             3.6T  3.0T  694G  82% /export/00c
/dev/sdb1             3.6T  3.0T  683G  82% /export/00b
fuse_dfs              6.5P  5.1P  1.4P  79% /mnt/hadoop
cvmfs2                 98G   93G  5.0G  95% /cvmfs/cms.cern.ch
t2srv0004:/export/db  135G  187M  135G   1% /net/t2srv0004/db
cvmfs2                 98G   93G  5.0G  95% /cvmfs/ams.cern.ch
cvmfs2                 98G   93G  5.0G  95% /cvmfs/ilc.desy.de
hisrv0001:/export/home
                      2.0T  502G  1.4T  27% /net/hisrv0001/home

root directory is...
/cvmfs/cms.cern.ch/slc6_amd64_gcc491/lcg/root/6.02.12/

working directory is...
/export/data1/condor/execute/dir_48996

contents before job processing is...
total 220
drwx------  2 obaron obaron  4096 Sep  9 15:22 .
drwxr-xr-x 27 condor root    4096 Sep  9 15:22 ..
-rwx------  1 obaron obaron    48 Sep  9 15:22 .chirp.config
-rw-r--r--  1 condor condor 37463 Sep  9 15:22 .job.ad
-rw-r--r--  1 condor condor  6117 Sep  9 15:22 .machine.ad
-rw-rw-r--  1 obaron obaron 89034 Sep  9 15:22 5p02TeV_Py8_CUETP8M1_QCDjet120_forests.txt
-rw-r--r--  1 obaron obaron     0 Sep  9 15:22 _condor_stderr
-rw-r--r--  1 obaron obaron  1350 Sep  9 15:22 _condor_stdout
-rwxr-xr-x  1 obaron obaron   700 Sep  9 15:22 condor_exec.exe
-rwxrwxr-x  1 obaron obaron 62955 Sep  9 15:22 readForests_ppMC.exe

Processing...

///////////////////
reading files 3 to 3
radius =  4
jetType =  PF
///////////////////

opening filelist: 5p02TeV_Py8_CUETP8M1_QCDjet120_forests.txt
adding file #3, to each TChain in array
opening output file Py8_CUETP8M1_QCDjet120_ak4PF-3to3.root
reading 2000 events
from trees, grabbing Evt # = 0


/// Job Event-Loop Summary ///

Total Num of Events in file(s) opened       = 2000
Total Num of Events read from those file(s) = 2000

/// Job Jet-Loop Summary ///

Total Num of Jets read from good events                          = 9188
Total Num of Jets read from good events post kinCut              = 6084
Total Num of Jets read from good events post kinCut AND JetIDCut = 6059

writing output file...

readForests_ppMC finished.
CPU time (min)  = 0.0308333
Real time (min) = 0.150621
rStatus=0
Job done!
