000 (991605.000.000) 09/09 15:21:35 Job submitted from host: <18.12.1.74:43431?addrs=18.12.1.74-43431>
...
001 (991605.000.000) 09/09 15:22:29 Job executing on host: <18.12.8.3:9620?addrs=18.12.8.3-9620&noUDP&sock=25195_d2c1_3>
...
006 (991605.000.000) 09/09 15:22:38 Image size of job updated: 66444
	12  -  MemoryUsage of job (MB)
	12040  -  ResidentSetSize of job (KB)
...
005 (991605.000.000) 09/09 15:22:42 Job terminated.
	(1) Normal termination (return value 0)
		Usr 0 00:00:00, Sys 0 00:00:00  -  Run Remote Usage
		Usr 0 00:00:00, Sys 0 00:00:00  -  Run Local Usage
		Usr 0 00:00:00, Sys 0 00:00:00  -  Total Remote Usage
		Usr 0 00:00:00, Sys 0 00:00:00  -  Total Local Usage
	570913  -  Run Bytes Sent By Job
	152689  -  Run Bytes Received By Job
	570913  -  Total Bytes Sent By Job
	152689  -  Total Bytes Received By Job
	Partitionable Resources :    Usage  Request Allocated
	   Cpus                 :                 1         1
	   Disk (KB)            :      750      150   6015888
	   Memory (MB)          :       12        1         1
...
