000 (991607.000.000) 09/09 15:21:37 Job submitted from host: <18.12.1.74:43431?addrs=18.12.1.74-43431>
...
001 (991607.000.000) 09/09 15:22:29 Job executing on host: <18.12.8.8:9620?sock=52074_2c12_3>
...
006 (991607.000.000) 09/09 15:22:38 Image size of job updated: 1
	3  -  MemoryUsage of job (MB)
	2436  -  ResidentSetSize of job (KB)
...
005 (991607.000.000) 09/09 15:22:40 Job terminated.
	(1) Normal termination (return value 0)
		Usr 0 00:00:00, Sys 0 00:00:00  -  Run Remote Usage
		Usr 0 00:00:00, Sys 0 00:00:00  -  Run Local Usage
		Usr 0 00:00:00, Sys 0 00:00:00  -  Total Remote Usage
		Usr 0 00:00:00, Sys 0 00:00:00  -  Total Local Usage
	568358  -  Run Bytes Sent By Job
	152689  -  Run Bytes Received By Job
	568358  -  Total Bytes Sent By Job
	152689  -  Total Bytes Received By Job
	Partitionable Resources :    Usage  Request Allocated
	   Cpus                 :                 1         1
	   Disk (KB)            :      747      150   6571660
	   Memory (MB)          :        3        1         1
...
