000 (991608.000.000) 09/09 16:39:42 Job submitted from host: <18.12.1.74:43431?addrs=18.12.1.74-43431>
...
001 (991608.000.000) 09/09 16:40:36 Job executing on host: <18.12.8.3:9620?addrs=18.12.8.3-9620&noUDP&sock=25195_d2c1_3>
...
006 (991608.000.000) 09/09 16:40:45 Image size of job updated: 209396
	24  -  MemoryUsage of job (MB)
	23920  -  ResidentSetSize of job (KB)
...
005 (991608.000.000) 09/09 16:40:50 Job terminated.
	(1) Normal termination (return value 0)
		Usr 0 00:00:00, Sys 0 00:00:00  -  Run Remote Usage
		Usr 0 00:00:00, Sys 0 00:00:00  -  Run Local Usage
		Usr 0 00:00:00, Sys 0 00:00:00  -  Total Remote Usage
		Usr 0 00:00:00, Sys 0 00:00:00  -  Total Local Usage
	571191  -  Run Bytes Sent By Job
	152689  -  Run Bytes Received By Job
	571191  -  Total Bytes Sent By Job
	152689  -  Total Bytes Received By Job
	Partitionable Resources :    Usage  Request Allocated
	   Cpus                 :                 1         1
	   Disk (KB)            :      751      150   6023626
	   Memory (MB)          :       24        1         1
...
