000 (991609.000.000) 09/09 16:39:42 Job submitted from host: <18.12.1.74:43431?addrs=18.12.1.74-43431>
...
001 (991609.000.000) 09/09 16:40:36 Job executing on host: <18.12.8.4:9620?addrs=18.12.8.4-9620&noUDP&sock=14742_fe11_3>
...
006 (991609.000.000) 09/09 16:40:45 Image size of job updated: 244596
	93  -  MemoryUsage of job (MB)
	94792  -  ResidentSetSize of job (KB)
...
005 (991609.000.000) 09/09 16:40:50 Job terminated.
	(1) Normal termination (return value 0)
		Usr 0 00:00:00, Sys 0 00:00:00  -  Run Remote Usage
		Usr 0 00:00:00, Sys 0 00:00:00  -  Run Local Usage
		Usr 0 00:00:00, Sys 0 00:00:00  -  Total Remote Usage
		Usr 0 00:00:00, Sys 0 00:00:00  -  Total Local Usage
	577618  -  Run Bytes Sent By Job
	152689  -  Run Bytes Received By Job
	577618  -  Total Bytes Sent By Job
	152689  -  Total Bytes Received By Job
	Partitionable Resources :    Usage  Request Allocated
	   Cpus                 :                 1         1
	   Disk (KB)            :      757      150   6002421
	   Memory (MB)          :       93        1         1
...
