000 (991610.000.000) 09/09 16:39:43 Job submitted from host: <18.12.1.74:43431?addrs=18.12.1.74-43431>
...
001 (991610.000.000) 09/09 16:40:36 Job executing on host: <18.12.9.9:9620?addrs=18.12.9.9-9620&noUDP&sock=19193_b1b4_3>
...
006 (991610.000.000) 09/09 16:40:43 Image size of job updated: 1
	0  -  MemoryUsage of job (MB)
	0  -  ResidentSetSize of job (KB)
...
005 (991610.000.000) 09/09 16:40:44 Job terminated.
	(1) Normal termination (return value 0)
		Usr 0 00:00:00, Sys 0 00:00:00  -  Run Remote Usage
		Usr 0 00:00:00, Sys 0 00:00:00  -  Run Local Usage
		Usr 0 00:00:00, Sys 0 00:00:00  -  Total Remote Usage
		Usr 0 00:00:00, Sys 0 00:00:00  -  Total Local Usage
	568437  -  Run Bytes Sent By Job
	152689  -  Run Bytes Received By Job
	568437  -  Total Bytes Sent By Job
	152689  -  Total Bytes Received By Job
	Partitionable Resources :    Usage  Request Allocated
	   Cpus                 :                 1         1
	   Disk (KB)            :      748      150   8361461
	   Memory (MB)          :        0        1         1
...
